<?xml version="1.0" encoding="UTF-8"?>
<!-- Generated by org.testng.reporters.JUnitXMLReporter -->
<testsuite ignored="3" hostname="LAPTOP-S7EFOJ0I" failures="0" tests="2" name="Regression Test" time="74.223" errors="0" timestamp="2020-06-02T20:22:07 EDT">
  <testcase classname="com.hrms.testcases.AddEmployeeTest" name="addEmployee" time="29.3"/>
  <testcase classname="com.hrms.testcases.AddEmployeeTest" name="addEmployee" time="18.068"/>
  <testcase classname="com.hrms.testcases.LoginTest" name="timeStamp" time="0.0">
    <ignored/>
  </testcase> <!-- timeStamp -->
  <testcase classname="com.hrms.testbase.BaseClass" name="@BeforeTest generateReport" time="0.0">
    <ignored/>
  </testcase> <!-- @BeforeTest generateReport -->
  <testcase classname="com.hrms.testbase.BaseClass" name="@AfterTest writeReport" time="0.0">
    <ignored/>
  </testcase> <!-- @AfterTest writeReport -->
</testsuite> <!-- Regression Test -->
